app/build/intermediates/manifest_merge_blame_file/debug/manifest-merger-blame-debug-report.txt
1<?xml version="1.0" encoding="utf-8"?>
2<manifest xmlns:android="http://schemas.android.com/apk/res/android"
3    package="com.example.avitoweather"
4    android:versionCode="1"
5    android:versionName="1.0" >
6
7    <uses-sdk
8        android:minSdkVersion="23"
8-->src\main\AndroidManifest.xml
9        android:targetSdkVersion="30" />
9-->src\main\AndroidManifest.xml
10
11    <uses-permission android:name="android.permission.ACCESS_NETWORK_STATE" />
11-->src\main\AndroidManifest.xml:4:5-78
11-->src\main\AndroidManifest.xml:4:22-76
12    <uses-permission android:name="android.permission.INTERNET" />
12-->src\main\AndroidManifest.xml:5:5-66
12-->src\main\AndroidManifest.xml:5:22-64
13
14    <application
14-->src\main\AndroidManifest.xml:7:5-23:19
15        android:allowBackup="true"
15-->src\main\AndroidManifest.xml:8:9-35
16        android:appComponentFactory="androidx.core.app.CoreComponentFactory"
16-->[androidx.core:core:1.6.0] AndroidManifest.xml:24:18-86
17        android:debuggable="true"
18        android:extractNativeLibs="false"
19        android:icon="@drawable/sunny_sun_cloud"
19-->src\main\AndroidManifest.xml:9:9-49
20        android:label="@string/app_name"
20-->src\main\AndroidManifest.xml:10:9-41
21        android:roundIcon="@drawable/sunny_sun_cloud"
21-->src\main\AndroidManifest.xml:11:9-54
22        android:supportsRtl="true"
22-->src\main\AndroidManifest.xml:12:9-35
23        android:testOnly="true"
24        android:theme="@style/Theme.AvitoWeather" >
24-->src\main\AndroidManifest.xml:13:9-50
25        <activity
25-->src\main\AndroidManifest.xml:14:9-22:20
26            android:name="com.example.avitoweather.MainActivity"
26-->src\main\AndroidManifest.xml:15:13-41
27            android:exported="true" >
27-->src\main\AndroidManifest.xml:16:13-36
28            <intent-filter>
28-->src\main\AndroidManifest.xml:17:13-21:29
29                <action android:name="android.intent.action.MAIN" />
29-->src\main\AndroidManifest.xml:18:17-69
29-->src\main\AndroidManifest.xml:18:25-66
30
31                <category android:name="android.intent.category.LAUNCHER" />
31-->src\main\AndroidManifest.xml:20:17-77
31-->src\main\AndroidManifest.xml:20:27-74
32            </intent-filter>
33        </activity>
34    </application>
35
36</manifest>